<?xml version="1.0" encoding="UTF-8"?>
<testsuite name="TestGroups"
           tests="5"
           failures="1"
           errors="0"
           skipped="4"
           time="0.005">
  <properties />
            <testcase name="init" time="0.000" classname="Webq.Case.CaseWebq">
                <failure type="org.openqa.selenium.NoSuchWindowException"
                  message="Window not found. The browser window may have been closed.
Command duration or timeout: 25 milliseconds
Build info: version: &apos;2.53.0&apos;, revision: &apos;35ae25b1534ae328c771e0856c93e187490ca824&apos;, time: &apos;2016-03-15 10:43:46&apos;
System info: host: &apos;localhost&apos;, ip: &apos;127.0.0.1&apos;, os.name: &apos;Mac OS X&apos;, os.arch: &apos;x86_64&apos;, os.version: &apos;10.11.6&apos;, java.version: &apos;1.8.0_66&apos;
Driver info: org.openqa.selenium.firefox.FirefoxDriver
Capabilities [{applicationCacheEnabled=true, rotatable=false, handlesAlerts=true, databaseEnabled=true, version=45.3.0, platform=MAC, nativeEvents=false, acceptSslCerts=true, webStorageEnabled=true, locationContextEnabled=true, browserName=firefox, takesScreenshot=true, javascriptEnabled=true, cssSelectorsEnabled=true}]
Session ID: a9d78e32-ede2-1244-988c-cda81cf8dfd1"
              >
<![CDATA[org.openqa.selenium.NoSuchWindowException: Window not found. The browser window may have been closed.
Command duration or timeout: 25 milliseconds
Build info: version: '2.53.0', revision: '35ae25b1534ae328c771e0856c93e187490ca824', time: '2016-03-15 10:43:46'
System info: host: 'localhost', ip: '127.0.0.1', os.name: 'Mac OS X', os.arch: 'x86_64', os.version: '10.11.6', java.version: '1.8.0_66'
Driver info: org.openqa.selenium.firefox.FirefoxDriver
Capabilities [{applicationCacheEnabled=true, rotatable=false, handlesAlerts=true, databaseEnabled=true, version=45.3.0, platform=MAC, nativeEvents=false, acceptSslCerts=true, webStorageEnabled=true, locationContextEnabled=true, browserName=firefox, takesScreenshot=true, javascriptEnabled=true, cssSelectorsEnabled=true}]
Session ID: a9d78e32-ede2-1244-988c-cda81cf8dfd1
  sun.reflect.NativeConstructorAccessorImpl.newInstance0(Native Method)
  sun.reflect.NativeConstructorAccessorImpl.newInstance(NativeConstructorAccessorImpl.java:62)
  sun.reflect.DelegatingConstructorAccessorImpl.newInstance(DelegatingConstructorAccessorImpl.java:45)
  java.lang.reflect.Constructor.newInstance(Constructor.java:422)
  org.openqa.selenium.remote.ErrorHandler.createThrowable(ErrorHandler.java:206)
  org.openqa.selenium.remote.ErrorHandler.throwIfResponseFailed(ErrorHandler.java:158)
  org.openqa.selenium.remote.RemoteWebDriver.execute(RemoteWebDriver.java:678)
  org.openqa.selenium.remote.RemoteWebDriver$RemoteWebDriverOptions$RemoteWindow.maximize(RemoteWebDriver.java:945)
  Webq.Case.CaseWebq.init(CaseWebq.java:50)
  sun.reflect.NativeMethodAccessorImpl.invoke0(Native Method)
  sun.reflect.NativeMethodAccessorImpl.invoke(NativeMethodAccessorImpl.java:62)
  sun.reflect.DelegatingMethodAccessorImpl.invoke(DelegatingMethodAccessorImpl.java:43)
  java.lang.reflect.Method.invoke(Method.java:497)
  org.testng.internal.MethodInvocationHelper.invokeMethod(MethodInvocationHelper.java:86)
  org.testng.internal.Invoker.invokeConfigurationMethod(Invoker.java:514)
  org.testng.internal.Invoker.invokeConfigurations(Invoker.java:215)
  org.testng.internal.Invoker.invokeConfigurations(Invoker.java:142)
  org.testng.SuiteRunner.privateRun(SuiteRunner.java:305)
  org.testng.SuiteRunner.run(SuiteRunner.java:268)
  org.testng.SuiteRunnerWorker.runSuite(SuiteRunnerWorker.java:52)
  org.testng.SuiteRunnerWorker.run(SuiteRunnerWorker.java:86)
  org.testng.TestNG.runSuitesSequentially(TestNG.java:1244)
  org.testng.TestNG.runSuitesLocally(TestNG.java:1169)
  org.testng.TestNG.run(TestNG.java:1064)
  org.apache.maven.surefire.testng.TestNGExecutor.run(TestNGExecutor.java:281)
  org.apache.maven.surefire.testng.TestNGXmlTestSuite.execute(TestNGXmlTestSuite.java:75)
  org.apache.maven.surefire.testng.TestNGProvider.invoke(TestNGProvider.java:121)
  org.apache.maven.surefire.booter.ForkedBooter.invokeProviderInSameClassLoader(ForkedBooter.java:290)
  org.apache.maven.surefire.booter.ForkedBooter.runSuitesInProcess(ForkedBooter.java:242)
  org.apache.maven.surefire.booter.ForkedBooter.main(ForkedBooter.java:121)
Caused by: org.openqa.selenium.NoSuchWindowException: Window not found. The browser window may have been closed.
Build info: version: '2.53.0', revision: '35ae25b1534ae328c771e0856c93e187490ca824', time: '2016-03-15 10:43:46'
System info: host: 'localhost', ip: '127.0.0.1', os.name: 'Mac OS X', os.arch: 'x86_64', os.version: '10.11.6', java.version: '1.8.0_66'
Driver info: driver.version: unknown
  <anonymous class>.nsCommandProcessor.prototype.execute(file:///var/folders/xf/kdg8kbhj4fn2_0fpfvbl9v300000gp/T/anonymous8617708603347605774webdriver-profile/extensions/fxdriver@googlecode.com/components/command-processor.js:12719)
  <anonymous class>.Dispatcher.executeAs/<(file:///var/folders/xf/kdg8kbhj4fn2_0fpfvbl9v300000gp/T/anonymous8617708603347605774webdriver-profile/extensions/fxdriver@googlecode.com/components/driver-component.js:9558)
  <anonymous class>.Resource.prototype.handle(file:///var/folders/xf/kdg8kbhj4fn2_0fpfvbl9v300000gp/T/anonymous8617708603347605774webdriver-profile/extensions/fxdriver@googlecode.com/components/driver-component.js:9705)
  <anonymous class>.Dispatcher.prototype.dispatch(file:///var/folders/xf/kdg8kbhj4fn2_0fpfvbl9v300000gp/T/anonymous8617708603347605774webdriver-profile/extensions/fxdriver@googlecode.com/components/driver-component.js:9652)
  <anonymous class>.WebDriverServer/<.handle(file:///var/folders/xf/kdg8kbhj4fn2_0fpfvbl9v300000gp/T/anonymous8617708603347605774webdriver-profile/extensions/fxdriver@googlecode.com/components/driver-component.js:12517)
  <anonymous class>.createHandlerFunc/<(file:///var/folders/xf/kdg8kbhj4fn2_0fpfvbl9v300000gp/T/anonymous8617708603347605774webdriver-profile/extensions/fxdriver@googlecode.com/components/httpd.js:2054)
  <anonymous class>.ServerHandler.prototype.handleResponse(file:///var/folders/xf/kdg8kbhj4fn2_0fpfvbl9v300000gp/T/anonymous8617708603347605774webdriver-profile/extensions/fxdriver@googlecode.com/components/httpd.js:2387)
  <anonymous class>.Connection.prototype.process(file:///var/folders/xf/kdg8kbhj4fn2_0fpfvbl9v300000gp/T/anonymous8617708603347605774webdriver-profile/extensions/fxdriver@googlecode.com/components/httpd.js:1223)
  <anonymous class>.RequestReader.prototype._handleResponse(file:///var/folders/xf/kdg8kbhj4fn2_0fpfvbl9v300000gp/T/anonymous8617708603347605774webdriver-profile/extensions/fxdriver@googlecode.com/components/httpd.js:1677)
  <anonymous class>.RequestReader.prototype._processBody(file:///var/folders/xf/kdg8kbhj4fn2_0fpfvbl9v300000gp/T/anonymous8617708603347605774webdriver-profile/extensions/fxdriver@googlecode.com/components/httpd.js:1525)
  <anonymous class>.RequestReader.prototype.onInputStreamReady(file:///var/folders/xf/kdg8kbhj4fn2_0fpfvbl9v300000gp/T/anonymous8617708603347605774webdriver-profile/extensions/fxdriver@googlecode.com/components/httpd.js:1393)
]]>
      </failure>

          </testcase>
  
            <testcase name="TestWebq4" time="0.0" classname="Webq.Case.CaseWebq">
          <skipped />
    </testcase>
            <testcase name="TestWebq2" time="0.0" classname="Webq.Case.CaseWebq">
          <skipped />
    </testcase>
            <testcase name="TestWebq3" time="0.0" classname="Webq.Case.CaseWebq">
          <skipped />
    </testcase>
            <testcase name="TestWebq1" time="0.0" classname="Webq.Case.CaseWebq">
          <skipped />
    </testcase>
  
  
</testsuite>
